<?xml version="1.0" encoding="UTF-8"?>
<!-- Generated by org.testng.reporters.JUnitReportReporter -->
<testsuite hostname="DESKTOP-T373KOD" failures="0" tests="1" name="Frameworkpractice3.TestNgpractice1" time="6.785" errors="0" timestamp="2022-12-24T12:57:27 IST" skipped="0">
  <testcase classname="Frameworkpractice3.TestNgpractice1" name="openApp" time="6.785"/>
  <system-out/>
</testsuite> <!-- Frameworkpractice3.TestNgpractice1 -->
