<?xml version="1.0" encoding="UTF-8"?>
<!-- Generated by org.testng.reporters.JUnitReportReporter -->
<testsuite hostname="DESKTOP-T373KOD" failures="0" tests="1" name="TestNGApril23.Xx1forsute" time="0.012" errors="0" timestamp="2023-04-06T11:40:34 IST" skipped="0">
  <testcase classname="TestNGApril23.Xx1forsute" name="TC1" time="0.012"/>
  <system-out>
    <![CDATA[running tca]]>
  </system-out>
</testsuite> <!-- TestNGApril23.Xx1forsute -->
