<?xml version="1.0" encoding="UTF-8"?>
<!-- Generated by org.testng.reporters.JUnitReportReporter -->
<testsuite hostname="DESKTOP-T373KOD" failures="0" tests="1" name="April2023TestNg.Example1" time="9.213" errors="0" timestamp="2023-04-05T15:09:38 IST" skipped="0">
  <testcase classname="April2023TestNg.Example1" name="EntermobileNo" time="9.213"/>
  <system-out>
    <![CDATA[pass]]>
  </system-out>
</testsuite> <!-- April2023TestNg.Example1 -->
