<?xml version="1.0" encoding="UTF-8"?>
<!-- Generated by org.testng.reporters.JUnitReportReporter -->
<testsuite hostname="DESKTOP-T373KOD" failures="0" tests="3" name="TestNgPractice1.example3KeywordInvocationcount" time="0.006" errors="0" timestamp="2023-04-06T11:46:23 IST" skipped="0">
  <testcase classname="TestNgPractice1.example3KeywordInvocationcount" name="Tc2" time="0.002"/>
  <system-out>
    <![CDATA[runnig tc2]]>
  </system-out>
  <testcase classname="TestNgPractice1.example3KeywordInvocationcount" name="Tc1" time="0.002"/>
  <system-out>
    <![CDATA[runnig tc1]]>
  </system-out>
  <testcase classname="TestNgPractice1.example3KeywordInvocationcount" name="Tc1" time="0.002"/>
  <system-out>
    <![CDATA[runnig tc1]]>
  </system-out>
</testsuite> <!-- TestNgPractice1.example3KeywordInvocationcount -->
