<?xml version="1.0" encoding="UTF-8"?>
<!-- Generated by org.testng.reporters.JUnitReportReporter -->
<testsuite hostname="DESKTOP-T373KOD" failures="0" tests="1" name="TestNgPractice1.Example1" time="6.258" errors="0" timestamp="2022-12-24T13:01:08 IST" skipped="0">
  <testcase classname="TestNgPractice1.Example1" name="openApp" time="6.258"/>
  <system-out/>
</testsuite> <!-- TestNgPractice1.Example1 -->
