<?xml version="1.0" encoding="UTF-8"?>
<!-- Generated by org.testng.reporters.JUnitReportReporter -->
<testsuite hostname="DESKTOP-T373KOD" failures="0" tests="1" name="TestNGApril23.Parallel2" time="16.875" errors="0" timestamp="2023-04-06T12:47:43 IST" skipped="0">
  <testcase classname="TestNGApril23.Parallel2" name="openBrowser" time="16.875"/>
  <system-out/>
</testsuite> <!-- TestNGApril23.Parallel2 -->
