<?xml version="1.0" encoding="UTF-8"?>
<!-- Generated by org.testng.reporters.JUnitReportReporter -->
<testsuite hostname="DESKTOP-T373KOD" failures="0" tests="4" name="TestNGApril23.AnotationAndKewwords" time="0.009" errors="0" timestamp="2023-04-06T12:28:14 IST" skipped="0">
  <testcase classname="TestNGApril23.AnotationAndKewwords" name="m3T1" time="0.002"/>
  <system-out>
    <![CDATA[hi Well come]]>
  </system-out>
  <testcase classname="TestNGApril23.AnotationAndKewwords" name="m3T1" time="0.002"/>
  <system-out>
    <![CDATA[hi Well come]]>
  </system-out>
  <testcase classname="TestNGApril23.AnotationAndKewwords" name="m3T4" time="0.002"/>
  <system-out>
    <![CDATA[hi Well come]]>
  </system-out>
  <testcase classname="TestNGApril23.AnotationAndKewwords" name="m3T4" time="0.003"/>
  <system-out>
    <![CDATA[hi Well come]]>
  </system-out>
</testsuite> <!-- TestNGApril23.AnotationAndKewwords -->
