<?xml version="1.0" encoding="UTF-8"?>
<!-- Generated by org.testng.reporters.JUnitReportReporter -->
<testsuite hostname="DESKTOP-T373KOD" failures="0" tests="2" name="TestNgPractice1.Example2EmalableReport" time="0.009" errors="0" timestamp="2023-04-06T11:46:23 IST" skipped="0">
  <testcase classname="TestNgPractice1.Example2EmalableReport" name="TC1" time="0.007"/>
  <system-out>
    <![CDATA[running verify profile name]]>
  </system-out>
  <testcase classname="TestNgPractice1.Example2EmalableReport" name="TC2" time="0.002"/>
  <system-out>
    <![CDATA[running verify profile id]]>
  </system-out>
</testsuite> <!-- TestNgPractice1.Example2EmalableReport -->
