<?xml version="1.0" encoding="UTF-8"?>
<!-- Generated by org.testng.reporters.JUnitReportReporter -->
<testsuite hostname="DESKTOP-T373KOD" failures="0" tests="2" name="TestNGApril23.Ex2forsute" time="0.004" errors="0" timestamp="2023-04-06T12:28:14 IST" skipped="0">
  <testcase classname="TestNGApril23.Ex2forsute" name="TC6" time="0.002"/>
  <system-out>
    <![CDATA[running tc6]]>
  </system-out>
  <testcase classname="TestNGApril23.Ex2forsute" name="TC4" time="0.002"/>
  <system-out>
    <![CDATA[running tc4]]>
  </system-out>
</testsuite> <!-- TestNGApril23.Ex2forsute -->
