<?xml version="1.0" encoding="UTF-8"?>
<!-- Generated by org.testng.reporters.JUnitReportReporter -->
<testsuite hostname="DESKTOP-T373KOD" failures="0" tests="2" name="TestNGApril23.Ex1forsute" time="0.013" errors="0" timestamp="2023-04-06T12:28:14 IST" skipped="0">
  <testcase classname="TestNGApril23.Ex1forsute" name="TC1" time="0.011"/>
  <system-out>
    <![CDATA[running tc1]]>
  </system-out>
  <testcase classname="TestNGApril23.Ex1forsute" name="TC3" time="0.002"/>
  <system-out>
    <![CDATA[running tc3]]>
  </system-out>
</testsuite> <!-- TestNGApril23.Ex1forsute -->
