<?xml version="1.0" encoding="UTF-8"?>
<!-- Generated by org.testng.reporters.JUnitReportReporter -->
<testsuite hostname="DESKTOP-T373KOD" failures="0" tests="1" name="practice1.testng1" time="6.261" errors="0" timestamp="2022-12-21T15:03:42 IST" skipped="0">
  <testcase classname="practice1.testng1" name="clickonsignin" time="6.261"/>
  <system-out>
    <![CDATA[running test cases]]>
  </system-out>
</testsuite> <!-- practice1.testng1 -->
