<?xml version="1.0" encoding="UTF-8"?>
<!-- Generated by org.testng.reporters.JUnitReportReporter -->
<testsuite hostname="DESKTOP-T373KOD" failures="0" tests="3" name="TestNG.Testclass" time="0.016" errors="0" timestamp="2023-02-24T21:17:27 IST" skipped="0">
  <testcase classname="TestNG.Testclass" name="TC1" time="0.001"/>
  <system-out>
    <![CDATA[---running test case 2---]]>
  </system-out>
  <testcase classname="TestNG.Testclass" name="TC3" time="0.002"/>
  <system-out>
    <![CDATA[---running test case 2---]]>
  </system-out>
  <testcase classname="TestNG.Testclass" name="TC2" time="0.013"/>
  <system-out>
    <![CDATA[---running test case 2---]]>
  </system-out>
</testsuite> <!-- TestNG.Testclass -->
